This is pdfTeX, Version 3.141592653-2.6-1.40.24 (TeX Live 2022) (preloaded format=pdflatex 2022.8.27)  22 JAN 2024 19:30
entering extended mode
 restricted \write18 enabled.
 file:line:error style messages enabled.
 %&-line parsing enabled.
**f:/Study/credit_lesson/æœºæ¢°è®¾è®¡åŸºç¡€/è¯¾ç¨‹è®¾è®¡/è®¾è®¡æ€»è¯´æ˜Žä¹¦/æ€»è¯´æ˜Žä¹¦.tex
(f:/Study/credit_lesson/æœºæ¢°è®¾è®¡åŸºç¡€/è¯¾ç¨‹è®¾è®¡/è®¾è®¡æ€»è¯´æ˜Žä¹¦/æ€»è¯´æ˜Žä¹¦.tex
LaTeX2e <2021-11-15> patch level 1
L3 programming layer <2022-02-24> (d:/texlive2022/texlive/2022/texmf-dist/tex/latex/ctex/ctexart.cls (d:/texlive2022/texlive/2022/texmf-dist/tex/latex/ctex/config/ctexbackend.cfg
File: ctexbackend.cfg 2021/12/12 v2.5.8 Backend configuration file (CTEX)
) (d:/texlive2022/texlive/2022/texmf-dist/tex/latex/l3kernel/expl3.sty
Package: expl3 2022-02-24 L3 programming layer (loader) 
 (d:/texlive2022/texlive/2022/texmf-dist/tex/latex/l3backend/l3backend-pdftex.def
File: l3backend-pdftex.def 2022-02-07 L3 backend support: PDF output (pdfTeX)
\l__color_backend_stack_int=\count185
\l__pdf_internal_box=\box50
))
Document Class: ctexart 2021/12/12 v2.5.8 Chinese adapter for class article (CTEX)
(d:/texlive2022/texlive/2022/texmf-dist/tex/latex/l3packages/xparse/xparse.sty
Package: xparse 2022-01-12 L3 Experimental document command parser
) (d:/texlive2022/texlive/2022/texmf-dist/tex/latex/l3packages/l3keys2e/l3keys2e.sty
Package: l3keys2e 2022-01-12 LaTeX2e option processing using LaTeX3 keys
) (d:/texlive2022/texlive/2022/texmf-dist/tex/latex/ctex/ctexhook.sty
Package: ctexhook 2021/12/12 v2.5.8 Document and package hooks (CTEX)
) (d:/texlive2022/texlive/2022/texmf-dist/tex/latex/ctex/ctexpatch.sty
Package: ctexpatch 2021/12/12 v2.5.8 Patching commands (CTEX)
) (d:/texlive2022/texlive/2022/texmf-dist/tex/latex/base/fix-cm.sty
Package: fix-cm 2020/11/24 v1.1t fixes to LaTeX
 (d:/texlive2022/texlive/2022/texmf-dist/tex/latex/base/ts1enc.def
File: ts1enc.def 2001/06/05 v3.0e (jk/car/fm) Standard LaTeX file
LaTeX Font Info:    Redeclaring font encoding TS1 on input line 47.
))
\l__ctex_tmp_int=\count186
\l__ctex_tmp_box=\box51
\l__ctex_tmp_dim=\dimen138
\g__ctex_section_depth_int=\count187
\g__ctex_font_size_int=\count188
 (d:/texlive2022/texlive/2022/texmf-dist/tex/latex/ctex/config/ctexopts.cfg
File: ctexopts.cfg 2021/12/12 v2.5.8 Option configuration file (CTEX)
)

Package ctex Warning: UTF8 will be used as the default encoding.

(d:/texlive2022/texlive/2022/texmf-dist/tex/latex/base/article.cls
Document Class: article 2021/10/04 v1.4n Standard LaTeX document class
(d:/texlive2022/texlive/2022/texmf-dist/tex/latex/base/size12.clo
File: size12.clo 2021/10/04 v1.4n Standard LaTeX file (size option)
)
\c@part=\count189
\c@section=\count190
\c@subsection=\count191
\c@subsubsection=\count192
\c@paragraph=\count193
\c@subparagraph=\count194
\c@figure=\count195
\c@table=\count196
\abovecaptionskip=\skip47
\belowcaptionskip=\skip48
\bibindent=\dimen139
) (d:/texlive2022/texlive/2022/texmf-dist/tex/latex/ctex/engine/ctex-engine-pdftex.def
File: ctex-engine-pdftex.def 2021/12/12 v2.5.8 (pdf)LaTeX adapter (CTEX)
 (d:/texlive2022/texlive/2022/texmf-dist/tex/latex/cjk/texinput/CJKutf8.sty
Package: CJKutf8 2021/10/16 4.8.5
 (d:/texlive2022/texlive/2022/texmf-dist/tex/generic/iftex/ifpdf.sty
Package: ifpdf 2019/10/25 v3.4 ifpdf legacy package. Use iftex instead.
 (d:/texlive2022/texlive/2022/texmf-dist/tex/generic/iftex/iftex.sty
Package: iftex 2022/02/03 v1.0f TeX engine tests
)) (d:/texlive2022/texlive/2022/texmf-dist/tex/latex/base/inputenc.sty
Package: inputenc 2021/02/14 v1.3d Input encoding file
\inpenc@prehook=\toks16
\inpenc@posthook=\toks17
) (d:/texlive2022/texlive/2022/texmf-dist/tex/latex/cjk/texinput/CJK.sty
Package: CJK 2021/10/16 4.8.5
 (d:/texlive2022/texlive/2022/texmf-dist/tex/latex/cjk/texinput/mule/MULEenc.sty
Package: MULEenc 2021/10/16 4.8.5
) (d:/texlive2022/texlive/2022/texmf-dist/tex/latex/cjk/texinput/CJK.enc
File: CJK.enc 2021/10/16 4.8.5
Now handling font encoding C00 ...
... no UTF-8 mapping file for font encoding C00
Now handling font encoding C05 ...
... no UTF-8 mapping file for font encoding C05
Now handling font encoding C09 ...
... no UTF-8 mapping file for font encoding C09
Now handling font encoding C10 ...
... no UTF-8 mapping file for font encoding C10
Now handling font encoding C20 ...
... no UTF-8 mapping file for font encoding C20
Now handling font encoding C19 ...
... no UTF-8 mapping file for font encoding C19
Now handling font encoding C40 ...
... no UTF-8 mapping file for font encoding C40
Now handling font encoding C42 ...
... no UTF-8 mapping file for font encoding C42
Now handling font encoding C43 ...
... no UTF-8 mapping file for font encoding C43
Now handling font encoding C50 ...
... no UTF-8 mapping file for font encoding C50
Now handling font encoding C52 ...
... no UTF-8 mapping file for font encoding C52
Now handling font encoding C49 ...
... no UTF-8 mapping file for font encoding C49
Now handling font encoding C60 ...
... no UTF-8 mapping file for font encoding C60
Now handling font encoding C61 ...
... no UTF-8 mapping file for font encoding C61
Now handling font encoding C63 ...
... no UTF-8 mapping file for font encoding C63
Now handling font encoding C64 ...
... no UTF-8 mapping file for font encoding C64
Now handling font encoding C65 ...
... no UTF-8 mapping file for font encoding C65
Now handling font encoding C70 ...
... no UTF-8 mapping file for font encoding C70
Now handling font encoding C31 ...
... no UTF-8 mapping file for font encoding C31
Now handling font encoding C32 ...
... no UTF-8 mapping file for font encoding C32
Now handling font encoding C33 ...
... no UTF-8 mapping file for font encoding C33
Now handling font encoding C34 ...
... no UTF-8 mapping file for font encoding C34
Now handling font encoding C35 ...
... no UTF-8 mapping file for font encoding C35
Now handling font encoding C36 ...
... no UTF-8 mapping file for font encoding C36
Now handling font encoding C37 ...
... no UTF-8 mapping file for font encoding C37
Now handling font encoding C80 ...
... no UTF-8 mapping file for font encoding C80
Now handling font encoding C81 ...
... no UTF-8 mapping file for font encoding C81
Now handling font encoding C01 ...
... no UTF-8 mapping file for font encoding C01
Now handling font encoding C11 ...
... no UTF-8 mapping file for font encoding C11
Now handling font encoding C21 ...
... no UTF-8 mapping file for font encoding C21
Now handling font encoding C41 ...
... no UTF-8 mapping file for font encoding C41
Now handling font encoding C62 ...
... no UTF-8 mapping file for font encoding C62
)
\CJK@indent=\box52
) (d:/texlive2022/texlive/2022/texmf-dist/tex/latex/base/fontenc.sty
Package: fontenc 2021/04/29 v2.0v Standard LaTeX package
)) (d:/texlive2022/texlive/2022/texmf-dist/tex/latex/cjkpunct/CJKpunct.sty
Package: CJKpunct 2016/05/14 4.8.4
\CJKpunct@cnta=\count197
\CJKpunct@cntb=\count198
\CJKpunct@cntc=\count199
\CJKpunct@cntd=\count266
\CJKpunct@cnte=\count267
   defining Unicode char U+2018 (decimal 8216)
   defining Unicode char U+2019 (decimal 8217)
   defining Unicode char U+201C (decimal 8220)
   defining Unicode char U+201D (decimal 8221)
   defining Unicode char U+2014 (decimal 8212)
   defining Unicode char U+2026 (decimal 8230)
 (d:/texlive2022/texlive/2022/texmf-dist/tex/latex/cjkpunct/CJKpunct.spa)) (d:/texlive2022/texlive/2022/texmf-dist/tex/latex/cjk/texinput/CJKspace.sty
Package: CJKspace 2021/10/16 3.8.0
) (d:/texlive2022/texlive/2022/texmf-dist/tex/latex/ctex/ctexspa.def
File: ctexspa.def 2021/12/12 v2.5.8 Space info for CJKpunct (CTEX)
)
\ccwd=\dimen140
\l__ctex_ccglue_skip=\skip49
)
\l__ctex_ziju_dim=\dimen141
 (d:/texlive2022/texlive/2022/texmf-dist/tex/latex/zhnumber/zhnumber.sty
Package: zhnumber 2020/05/01 v2.8 Typesetting numbers with Chinese glyphs
\l__zhnum_scale_int=\count268
\l__zhnum_byte_min_int=\count269
\l__zhnum_byte_max_int=\count270
 (d:/texlive2022/texlive/2022/texmf-dist/tex/latex/zhnumber/zhnumber-utf8.cfg
File: zhnumber-utf8.cfg 2020/05/01 v2.8 Chinese numerals with UTF8 encoding
))
\l__ctex_heading_skip=\skip50
 (d:/texlive2022/texlive/2022/texmf-dist/tex/latex/ctex/scheme/ctex-scheme-chinese-article.def
File: ctex-scheme-chinese-article.def 2021/12/12 v2.5.8 Chinese scheme for article (CTEX)
 (d:/texlive2022/texlive/2022/texmf-dist/tex/latex/ctex/config/ctex-name-utf8.cfg
File: ctex-name-utf8.cfg 2021/12/12 v2.5.8 Caption with encoding UTF-8 (CTEX)
)) (d:/texlive2022/texlive/2022/texmf-dist/tex/latex/ctex/fontset/ctex-fontset-windows.def
File: ctex-fontset-windows.def 2021/12/12 v2.5.8 Windows fonts definition (CTEX)
)) (d:/texlive2022/texlive/2022/texmf-dist/tex/latex/ctex/config/ctex.cfg
File: ctex.cfg 2021/12/12 v2.5.8 Configuration file (CTEX)
)

Package ctex Warning: Package `ctex' can not be loaded with `ctexart'.

(d:/texlive2022/texlive/2022/texmf-dist/tex/latex/graphics/graphicx.sty
Package: graphicx 2021/09/16 v1.2d Enhanced LaTeX Graphics (DPC,SPQR)
 (d:/texlive2022/texlive/2022/texmf-dist/tex/latex/graphics/keyval.sty
Package: keyval 2014/10/28 v1.15 key=value parser (DPC)
\KV@toks@=\toks18
) (d:/texlive2022/texlive/2022/texmf-dist/tex/latex/graphics/graphics.sty
Package: graphics 2021/03/04 v1.4d Standard LaTeX Graphics (DPC,SPQR)
 (d:/texlive2022/texlive/2022/texmf-dist/tex/latex/graphics/trig.sty
Package: trig 2021/08/11 v1.11 sin cos tan (DPC)
) (d:/texlive2022/texlive/2022/texmf-dist/tex/latex/graphics-cfg/graphics.cfg
File: graphics.cfg 2016/06/04 v1.11 sample graphics configuration
)
Package graphics Info: Driver file: pdftex.def on input line 107.
 (d:/texlive2022/texlive/2022/texmf-dist/tex/latex/graphics-def/pdftex.def
File: pdftex.def 2020/10/05 v1.2a Graphics/color driver for pdftex
))
\Gin@req@height=\dimen142
\Gin@req@width=\dimen143
) (d:/texlive2022/texlive/2022/texmf-dist/tex/latex/amsmath/amsmath.sty
Package: amsmath 2021/10/15 v2.17l AMS math features
\@mathmargin=\skip51

For additional information on amsmath, use the `?' option.
(d:/texlive2022/texlive/2022/texmf-dist/tex/latex/amsmath/amstext.sty
Package: amstext 2021/08/26 v2.01 AMS text
 (d:/texlive2022/texlive/2022/texmf-dist/tex/latex/amsmath/amsgen.sty
File: amsgen.sty 1999/11/30 v2.0 generic functions
\@emptytoks=\toks19
\ex@=\dimen144
)) (d:/texlive2022/texlive/2022/texmf-dist/tex/latex/amsmath/amsbsy.sty
Package: amsbsy 1999/11/29 v1.2d Bold Symbols
\pmbraise@=\dimen145
) (d:/texlive2022/texlive/2022/texmf-dist/tex/latex/amsmath/amsopn.sty
Package: amsopn 2021/08/26 v2.02 operator names
)
\inf@bad=\count271
LaTeX Info: Redefining \frac on input line 234.
\uproot@=\count272
\leftroot@=\count273
LaTeX Info: Redefining \overline on input line 399.
\classnum@=\count274
\DOTSCASE@=\count275
LaTeX Info: Redefining \ldots on input line 496.
LaTeX Info: Redefining \dots on input line 499.
LaTeX Info: Redefining \cdots on input line 620.
\Mathstrutbox@=\box53
\strutbox@=\box54
\big@size=\dimen146
LaTeX Font Info:    Redeclaring font encoding OML on input line 743.
LaTeX Font Info:    Redeclaring font encoding OMS on input line 744.
\macc@depth=\count276
\c@MaxMatrixCols=\count277
\dotsspace@=\muskip16
\c@parentequation=\count278
\dspbrk@lvl=\count279
\tag@help=\toks20
\row@=\count280
\column@=\count281
\maxfields@=\count282
\andhelp@=\toks21
\eqnshift@=\dimen147
\alignsep@=\dimen148
\tagshift@=\dimen149
\tagwidth@=\dimen150
\totwidth@=\dimen151
\lineht@=\dimen152
\@envbody=\toks22
\multlinegap=\skip52
\multlinetaggap=\skip53
\mathdisplay@stack=\toks23
LaTeX Info: Redefining \[ on input line 2938.
LaTeX Info: Redefining \] on input line 2939.
) (d:/texlive2022/texlive/2022/texmf-dist/tex/latex/setspace/setspace.sty
Package: setspace 2011/12/19 v6.7a set line spacing
) (d:/texlive2022/texlive/2022/texmf-dist/tex/latex/geometry/geometry.sty
Package: geometry 2020/01/02 v5.9 Page Geometry
 (d:/texlive2022/texlive/2022/texmf-dist/tex/generic/iftex/ifvtex.sty
Package: ifvtex 2019/10/25 v1.7 ifvtex legacy package. Use iftex instead.
)
\Gm@cnth=\count283
\Gm@cntv=\count284
\c@Gm@tempcnt=\count285
\Gm@bindingoffset=\dimen153
\Gm@wd@mp=\dimen154
\Gm@odd@mp=\dimen155
\Gm@even@mp=\dimen156
\Gm@layoutwidth=\dimen157
\Gm@layoutheight=\dimen158
\Gm@layouthoffset=\dimen159
\Gm@layoutvoffset=\dimen160
\Gm@dimlist=\toks24
) (d:/texlive2022/texlive/2022/texmf-dist/tex/latex/booktabs/booktabs.sty
Package: booktabs 2020/01/12 v1.61803398 Publication quality tables
\heavyrulewidth=\dimen161
\lightrulewidth=\dimen162
\cmidrulewidth=\dimen163
\belowrulesep=\dimen164
\belowbottomsep=\dimen165
\aboverulesep=\dimen166
\abovetopsep=\dimen167
\cmidrulesep=\dimen168
\cmidrulekern=\dimen169
\defaultaddspace=\dimen170
\@cmidla=\count286
\@cmidlb=\count287
\@aboverulesep=\dimen171
\@belowrulesep=\dimen172
\@thisruleclass=\count288
\@lastruleclass=\count289
\@thisrulewidth=\dimen173
) (d:/texlive2022/texlive/2022/texmf-dist/tex/latex/graphics/color.sty
Package: color 2021/12/07 v1.3c Standard LaTeX Color (DPC)
 (d:/texlive2022/texlive/2022/texmf-dist/tex/latex/graphics-cfg/color.cfg
File: color.cfg 2016/01/02 v1.6 sample color configuration
)
Package color Info: Driver file: pdftex.def on input line 149.
) (d:/texlive2022/texlive/2022/texmf-dist/tex/latex/multirow/multirow.sty
Package: multirow 2021/03/15 v2.8 Span multiple rows of a table
\multirow@colwidth=\skip54
\multirow@cntb=\count290
\multirow@dima=\skip55
\bigstrutjot=\dimen174
) (d:/texlive2022/texlive/2022/texmf-dist/tex/latex/tools/longtable.sty
Package: longtable 2021-09-01 v4.17 Multi-page Table package (DPC)
\LTleft=\skip56
\LTright=\skip57
\LTpre=\skip58
\LTpost=\skip59
\LTchunksize=\count291
\LTcapwidth=\dimen175
\LT@head=\box55
\LT@firsthead=\box56
\LT@foot=\box57
\LT@lastfoot=\box58
\LT@gbox=\box59
\LT@cols=\count292
\LT@rows=\count293
\c@LT@tables=\count294
\c@LT@chunks=\count295
\LT@p@ftn=\toks25
) (d:/texlive2022/texlive/2022/texmf-dist/tex/latex/cjk/texinput/UTF8/UTF8.bdg
File: UTF8.bdg 2021/10/16 4.8.5
) (d:/texlive2022/texlive/2022/texmf-dist/tex/latex/cjk/texinput/UTF8/UTF8.enc
File: UTF8.enc 2021/10/16 4.8.5
) (d:/texlive2022/texlive/2022/texmf-dist/tex/latex/cjk/texinput/UTF8/UTF8.chr
File: UTF8.chr 2021/10/16 4.8.5
) (./æ€»è¯´æ˜Žä¹¦.aux)
\openout1 = `æ€»è¯´æ˜Žä¹¦.aux'.

LaTeX Font Info:    Checking defaults for OML/cmm/m/it on input line 17.
LaTeX Font Info:    ... okay on input line 17.
LaTeX Font Info:    Checking defaults for OMS/cmsy/m/n on input line 17.
LaTeX Font Info:    ... okay on input line 17.
LaTeX Font Info:    Checking defaults for OT1/cmr/m/n on input line 17.
LaTeX Font Info:    ... okay on input line 17.
LaTeX Font Info:    Checking defaults for T1/cmr/m/n on input line 17.
LaTeX Font Info:    ... okay on input line 17.
LaTeX Font Info:    Checking defaults for TS1/cmr/m/n on input line 17.
LaTeX Font Info:    ... okay on input line 17.
LaTeX Font Info:    Checking defaults for OMX/cmex/m/n on input line 17.
LaTeX Font Info:    ... okay on input line 17.
LaTeX Font Info:    Checking defaults for U/cmr/m/n on input line 17.
LaTeX Font Info:    ... okay on input line 17.
LaTeX Font Info:    Checking defaults for C00/song/m/n on input line 17.
LaTeX Font Info:    ... okay on input line 17.
LaTeX Font Info:    Checking defaults for C05/song/m/n on input line 17.
LaTeX Font Info:    ... okay on input line 17.
LaTeX Font Info:    Checking defaults for C09/song/m/n on input line 17.
LaTeX Font Info:    ... okay on input line 17.
LaTeX Font Info:    Checking defaults for C10/song/m/n on input line 17.
LaTeX Font Info:    ... okay on input line 17.
LaTeX Font Info:    Checking defaults for C20/song/m/n on input line 17.
LaTeX Font Info:    ... okay on input line 17.
LaTeX Font Info:    Checking defaults for C19/song/m/n on input line 17.
LaTeX Font Info:    ... okay on input line 17.
LaTeX Font Info:    Checking defaults for C40/song/m/n on input line 17.
LaTeX Font Info:    ... okay on input line 17.
LaTeX Font Info:    Checking defaults for C42/song/m/n on input line 17.
LaTeX Font Info:    ... okay on input line 17.
LaTeX Font Info:    Checking defaults for C43/song/m/n on input line 17.
LaTeX Font Info:    ... okay on input line 17.
LaTeX Font Info:    Checking defaults for C50/song/m/n on input line 17.
LaTeX Font Info:    ... okay on input line 17.
LaTeX Font Info:    Checking defaults for C52/song/m/n on input line 17.
LaTeX Font Info:    ... okay on input line 17.
LaTeX Font Info:    Checking defaults for C49/song/m/n on input line 17.
LaTeX Font Info:    ... okay on input line 17.
LaTeX Font Info:    Checking defaults for C60/mj/m/n on input line 17.
LaTeX Font Info:    ... okay on input line 17.
LaTeX Font Info:    Checking defaults for C61/mj/m/n on input line 17.
LaTeX Font Info:    ... okay on input line 17.
LaTeX Font Info:    Checking defaults for C63/mj/m/n on input line 17.
LaTeX Font Info:    ... okay on input line 17.
LaTeX Font Info:    Checking defaults for C64/mj/m/n on input line 17.
LaTeX Font Info:    ... okay on input line 17.
LaTeX Font Info:    Checking defaults for C65/mj/m/n on input line 17.
LaTeX Font Info:    ... okay on input line 17.
LaTeX Font Info:    Checking defaults for C70/song/m/n on input line 17.
LaTeX Font Info:    ... okay on input line 17.
LaTeX Font Info:    Checking defaults for C31/song/m/n on input line 17.
LaTeX Font Info:    ... okay on input line 17.
LaTeX Font Info:    Checking defaults for C32/song/m/n on input line 17.
LaTeX Font Info:    ... okay on input line 17.
LaTeX Font Info:    Checking defaults for C33/song/m/n on input line 17.
LaTeX Font Info:    ... okay on input line 17.
LaTeX Font Info:    Checking defaults for C34/song/m/n on input line 17.
LaTeX Font Info:    ... okay on input line 17.
LaTeX Font Info:    Checking defaults for C35/song/m/n on input line 17.
LaTeX Font Info:    ... okay on input line 17.
LaTeX Font Info:    Checking defaults for C36/song/m/n on input line 17.
LaTeX Font Info:    ... okay on input line 17.
LaTeX Font Info:    Checking defaults for C37/song/m/n on input line 17.
LaTeX Font Info:    ... okay on input line 17.
LaTeX Font Info:    Checking defaults for C80/song/m/n on input line 17.
LaTeX Font Info:    ... okay on input line 17.
LaTeX Font Info:    Checking defaults for C81/song/m/n on input line 17.
LaTeX Font Info:    ... okay on input line 17.
LaTeX Font Info:    Checking defaults for C01/song/m/n on input line 17.
LaTeX Font Info:    ... okay on input line 17.
LaTeX Font Info:    Checking defaults for C11/song/m/n on input line 17.
LaTeX Font Info:    ... okay on input line 17.
LaTeX Font Info:    Checking defaults for C21/song/m/n on input line 17.
LaTeX Font Info:    ... okay on input line 17.
LaTeX Font Info:    Checking defaults for C41/song/m/n on input line 17.
LaTeX Font Info:    ... okay on input line 17.
LaTeX Font Info:    Checking defaults for C62/song/m/n on input line 17.
LaTeX Font Info:    ... okay on input line 17.
 (d:/texlive2022/texlive/2022/texmf-dist/tex/context/base/mkii/supp-pdf.mkii
[Loading MPS to PDF converter (version 2006.09.02).]
\scratchcounter=\count296
\scratchdimen=\dimen176
\scratchbox=\box60
\nofMPsegments=\count297
\nofMParguments=\count298
\everyMPshowfont=\toks26
\MPscratchCnt=\count299
\MPscratchDim=\dimen177
\MPnumerator=\count300
\makeMPintoPDFobject=\count301
\everyMPtoPDFconversion=\toks27
) (d:/texlive2022/texlive/2022/texmf-dist/tex/latex/epstopdf-pkg/epstopdf-base.sty
Package: epstopdf-base 2020-01-24 v2.11 Base part for package epstopdf
Package epstopdf-base Info: Redefining graphics rule for `.eps' on input line 485.
 (d:/texlive2022/texlive/2022/texmf-dist/tex/latex/latexconfig/epstopdf-sys.cfg
File: epstopdf-sys.cfg 2010/07/13 v1.3 Configuration of (r)epstopdf for TeX Live
))
*geometry* driver: auto-detecting
*geometry* detected driver: pdftex
*geometry* verbose mode - [ preamble ] result:
* driver: pdftex
* paper: <default>
* layout: <same size as paper>
* layoutoffset:(h,v)=(0.0pt,0.0pt)
* modes: 
* h-part:(L,W,R)=(54.34486pt, 505.60527pt, 54.34486pt)
* v-part:(T,H,B)=(72.2698pt, 650.43037pt, 72.2698pt)
* \paperwidth=614.295pt
* \paperheight=794.96999pt
* \textwidth=505.60527pt
* \textheight=650.43037pt
* \oddsidemargin=-17.92513pt
* \evensidemargin=-17.92513pt
* \topmargin=-37.00018pt
* \headheight=12.0pt
* \headsep=25.0pt
* \topskip=12.0pt
* \footskip=30.0pt
* \marginparwidth=44.0pt
* \marginparsep=10.0pt
* \columnsep=10.0pt
* \skip\footins=10.8pt plus 4.0pt minus 2.0pt
* \hoffset=0.0pt
* \voffset=0.0pt
* \mag=1000
* \@twocolumnfalse
* \@twosidefalse
* \@mparswitchfalse
* \@reversemarginfalse
* (1in=72.27pt=25.4mm, 1cm=28.453pt)

<CSU.png, id=1, 577.15625pt x 534.49687pt>
File: CSU.png Graphic file (type png)
<use CSU.png>
Package pdftex.def Info: CSU.png  used on input line 36.
(pdftex.def)             Requested size: 202.23901pt x 187.28876pt.

LaTeX Font Warning: Font shape `OT1/cmr/bx/sc' undefined
(Font)              using `OT1/cmr/bx/n' instead on input line 40.

LaTeX Font Info:    Trying to load font information for C70+rm on input line 40.
(d:/texlive2022/texlive/2022/texmf-dist/tex/latex/ctex/fd/c70rm.fd
File: c70rm.fd 2021/12/12 v2.5.8 Chinese font definition (CTEX)
)

LaTeX Font Warning: Font shape `C70/rm/bx/sc' undefined
(Font)              using `C70/rm/bx/n' instead on input line 40.

Package CJKpunct Info: use punctuation spaces for family 'zhkai' with punctstyle (quanjiao) on input line 48.
(d:/texlive2022/texlive/2022/texmf-dist/tex/generic/ctex/zhmap/ctex-zhmap-windows.tex
File: ctex-zhmap-windows.tex 2021/12/12 v2.5.8 Windows font map loader for pdfTeX and DVIPDFMx (CTEX)
{d:/texlive2022/texlive/2022/texmf-var/fonts/map/pdftex/updmap/pdftex.map}{UGBK.sfd}{Unicode.sfd}) [1

 <./CSU.png>]
LaTeX Font Info:    Trying to load font information for C70+zhhei on input line 74.
 (d:/texlive2022/texlive/2022/texmf-dist/tex/latex/zhmetrics/c70zhhei.fd
File: c70zhhei.fd 2009/09/23 4.8.2
) (./æ€»è¯´æ˜Žä¹¦.toc
Package CJKpunct Info: use punctuation spaces for family 'rm' with punctstyle (quanjiao) on input line 1.
 [1])
\tf@toc=\write3
\openout3 = `æ€»è¯´æ˜Žä¹¦.toc'.

 [2]
Package CJKpunct Info: use punctuation spaces for family 'zhhei' with punctstyle (quanjiao) on input line 78.

Overfull \hbox (5.57271pt too wide) in paragraph at lines 82--83
[]\C70/rm/m/n/12/68 9 \C70/rm/m/n/12/63 n \C70/rm/m/n/12/62 @ \C70/rm/m/n/12/7e Ù \C70/rm/m/n/12/98 ˜ \C70/rm/m/n/12/76 î \C70/rm/m/n/12/89  \C70/rm/m/n/12/6c B|\C70/rm/m/n/12/ff ^^L| \C70/rm/m/n/12/67 , \C70/rm/m/n/12/5c ^^O \C70/rm/m/n/12/7e Ä \C70/rm/m/n/12/5d ò \C70/rm/m/n/12/77 å \C70/rm/m/n/12/53 Â \C70/rm/m/n/12/65 p \C70/rm/m/n/12/4e : \C70/rm/m/n/12/8f “ \C70/rm/m/n/12/90 ^^A \C70/rm/m/n/12/5e & \C70/rm/m/n/12/76 „ \C70/rm/m/n/12/72 u \C70/rm/m/n/12/5f ^^U \C70/rm/m/n/12/52 ›$\OML/cmm/m/it/12 F \OT1/cmr/m/n/12 = 3\OML/cmm/m/it/12 :\OT1/cmr/m/n/12 5[]$|\C70/rm/m/n/12/ff ^^L| \C70/rm/m/n/12/8f “ \C70/rm/m/n/12/90 ^^A \C70/rm/m/n/12/5e & \C70/rm/m/n/12/76 „ \C70/rm/m/n/12/90 ^^_ \C70/rm/m/n/12/5e ¦$\OML/cmm/m/it/12 v \OT1/cmr/m/n/12 = 1\OML/cmm/m/it/12 :\OT1/cmr/m/n/12 8[]$|\C70/rm/m/n/12/ff ^^L|
 []


Overfull \hbox (3.42392pt too wide) in paragraph at lines 114--115
[]\C70/rm/m/n/12/67 , \C70/rm/m/n/12/5c ^^O \C70/rm/m/n/12/7e Ä \C70/rm/m/n/12/90 	 \C70/rm/m/n/12/53 Ö \C70/rm/m/n/12/75 5 \C70/rm/m/n/12/52 ¨ \C70/rm/m/n/12/67 : \C70/rm/m/n/12/8f l \C70/rm/m/n/12/90 ^^_ \C70/rm/m/n/12/4e : $\OT1/cmr/m/n/12 1000[]$|\C70/rm/m/n/12/ff ^^L| \C70/rm/m/n/12/80 ^^C \C70/rm/m/n/12/86 Q \C70/rm/m/n/12/52 0 \C70/rm/m/n/12/90 	 \C70/rm/m/n/12/62 é \C70/rm/m/n/12/76 „ \C70/rm/m/n/12/75 5 \C70/rm/m/n/12/52 ¨ \C70/rm/m/n/12/67 : \C70/rm/m/n/12/52 Ÿ \C70/rm/m/n/12/73 ‡$\OML/cmm/m/it/12 P[] > P[]$|\C70/rm/m/n/12/ff ^^L| \C70/rm/m/n/12/65 E \C70/rm/m/n/12/90 ^^Z \C70/rm/m/n/12/8f Ç \C70/rm/m/n/12/67 å \C70/rm/m/n/12/96 ^^E \OT1/cmr/m/n/12 [2]P196
 []

[3]
<dynamic_argument.png, id=190, 736.7525pt x 791.95876pt>
File: dynamic_argument.png Graphic file (type png)
<use dynamic_argument.png>
Package pdftex.def Info: dynamic_argument.png  used on input line 130.
(pdftex.def)             Requested size: 147.34789pt x 158.38895pt.
<P.png, id=191, 704.6325pt x 762.85pt>
File: P.png Graphic file (type png)
<use P.png>
Package pdftex.def Info: P.png  used on input line 132.
(pdftex.def)             Requested size: 140.924pt x 152.56729pt.
 [4 <./dynamic_argument.png> <./P.png>]
Overfull \hbox (0.32375pt too wide) in paragraph at lines 181--188
[]\C70/rm/m/n/12/67 , \C70/rm/m/n/12/8b þ \C70/rm/m/n/12/7a  \C70/rm/m/n/12/8b ¾ ¡ \C70/rm/m/n/12/90 	 \C70/rm/m/n/12/75 ( \C70/rm/m/n/12/95 í \C70/rm/m/n/12/5f ^^O \C70/rm/m/n/12/9f ^^? \C70/rm/m/n/12/8f n Û \C70/rm/m/n/12/88 L \C70/rm/m/n/12/9f ^^? \C70/rm/m/n/12/8f n \C70/rm/m/n/12/8b ¾ ¡|\C70/rm/m/n/12/ff ^^L| \C70/rm/m/n/12/8b ¾ \C70/rm/m/n/12/9f ^^? \C70/rm/m/n/12/8f n \C70/rm/m/n/12/4f   \C70/rm/m/n/12/52 ¨ \C70/rm/m/n/12/6b Ô$\OML/cmm/m/it/12 i[] \OT1/cmr/m/n/12 = 3\OML/cmm/m/it/12 :\OT1/cmr/m/n/12 1$|\C70/rm/m/n/12/ff ^^L| \C70/rm/m/n/12/9a Ø \C70/rm/m/n/12/90 ^^_ \C70/rm/m/n/12/8f t l \C70/rm/m/n/12/90 ^^_$\OML/cmm/m/it/12 n[] \OT1/cmr/m/n/12 = 301[]$|\C70/rm/m/n/12/ff ^^L|
 []

[5] [6] [7]

LaTeX Font Warning: Font shape `OMX/cmex/m/n' in size <10.53937> not available
(Font)              size <10.95> substituted on input line 341.

[8] [9] [10]
File: dynamic_argument.png Graphic file (type png)
<use dynamic_argument.png>
Package pdftex.def Info: dynamic_argument.png  used on input line 434.
(pdftex.def)             Requested size: 147.34789pt x 158.38895pt.
 [11] [12]
<roller.png, id=269, 1580.90625pt x 549.05125pt>
File: roller.png Graphic file (type png)
<use roller.png>
Package pdftex.def Info: roller.png  used on input line 497.
(pdftex.def)             Requested size: 316.17564pt x 109.8083pt.
 [13 <./roller.png>] [14]
<[2]P26 roller.png, id=280, 1598.97375pt x 627.34375pt>
File: [2]P26 roller.png Graphic file (type png)
<use [2]P26 roller.png>
Package pdftex.def Info: [2]P26 roller.png  used on input line 592.
(pdftex.def)             Requested size: 319.7891pt x 125.46652pt.
 [15 <./[2]P26 roller.png>] [16] [17] [18] [19]
<high_speed_roller.png, id=308, 708.6475pt x 1479.5275pt>
File: high_speed_roller.png Graphic file (type png)
<use high_speed_roller.png>
Package pdftex.def Info: high_speed_roller.png  used on input line 801.
(pdftex.def)             Requested size: 283.45398pt x 591.80052pt.
 [20] [21 <./high_speed_roller.png>]
Overfull \hbox (0.9301pt too wide) in paragraph at lines 845--846
[]\C70/rm/m/n/12/5d ò \C70/rm/m/n/12/77 å \C70/rm/m/n/12/4f \ \C70/rm/m/n/12/75 ( \C70/rm/m/n/12/57 ( \C70/rm/m/n/12/9f ^^? \C70/rm/m/n/12/8f n \C70/rm/m/n/12/4e 
 \C70/rm/m/n/12/76 „ \C70/rm/m/n/12/57 ^^F \C70/rm/m/n/12/54 h \C70/rm/m/n/12/52 ›$\OML/cmm/m/it/12 F[] \OT1/cmr/m/n/12 = 4341\OML/cmm/m/it/12 :\OT1/cmr/m/n/12 01[]$|\C70/rm/m/n/12/ff ^^L| \C70/rm/m/n/12/5f „ \C70/rm/m/n/12/54 ^^Q \C70/rm/m/n/12/52 › \C70/rm/m/n/12/4e :$\OML/cmm/m/it/12 F[] \OT1/cmr/m/n/12 = 1580\OML/cmm/m/it/12 :\OT1/cmr/m/n/12 00[]$|\C70/rm/m/n/12/ff ^^L| \C70/rm/m/n/12/59 ' \C70/rm/m/n/12/9f ^^? \C70/rm/m/n/12/8f n \C70/rm/m/n/12/52 ^^F \C70/rm/m/n/12/5e ¦ \C70/rm/m/n/12/57 ^^F \C70/rm/m/n/12/76 ô \C70/rm/m/n/12/5f „$\OML/cmm/m/it/12 d[] \OT1/cmr/m/n/12 =
 []

[22] [23]
<low_speed_roller.png, id=322, 685.56125pt x 1508.63625pt>
File: low_speed_roller.png Graphic file (type png)
<use low_speed_roller.png>
Package pdftex.def Info: low_speed_roller.png  used on input line 906.
(pdftex.def)             Requested size: 274.21964pt x 603.44382pt.

Underfull \hbox (badness 10000) in paragraph at lines 917--918

 []

[24] [25 <./low_speed_roller.png>] [26] [27] [28] [29] [30] [31] [32] [33] [34] (./æ€»è¯´æ˜Žä¹¦.aux)

LaTeX Font Warning: Size substitutions with differences
(Font)              up to 0.41063pt have occurred.


LaTeX Font Warning: Some font shapes were not available, defaults substituted.

 ) 
Here is how much of TeX's memory you used:
 9565 strings out of 480175
 177475 string characters out of 5893198
 450618 words of memory out of 5000000
 26921 multiletter control sequences out of 15000+600000
 554082 words of font info for 334 fonts, out of 8000000 for 9000
 36 hyphenation exceptions out of 8191
 75i,15n,78p,771b,512s stack positions out of 10000i,1000n,20000p,200000b,200000s
<c:/Windows/Fonts/simsun.ttc><c:/Windows/Fonts/simsun.ttc><c:/Windows/Fonts/simsun.ttc><c:/Windows/Fonts/simsun.ttc><c:/Windows/Fonts/simsun.ttc><c:/Windows/Fonts/simhei.ttf><c:/Windows/Fonts/simhei.ttf><c:/Windows/Fonts/simhei.ttf><c:/Windows/Fonts/simsun.ttc><c:/Windows/Fonts/simsun.ttc><c:/Windows/Fonts/simsun.ttc><c:/Windows/Fonts/simhei.ttf><c:/Windows/Fonts/simsun.ttc><c:/Windows/Fonts/simsun.ttc><c:/Windows/Fonts/simhei.ttf><c:/Windows/Fonts/simhei.ttf><c:/Windows/Fonts/simhei.ttf><c:/Windows/Fonts/simsun.ttc><c:/Windows/Fonts/simsun.ttc><c:/Windows/Fonts/simsun.ttc><c:/Windows/Fonts/simsun.ttc><c:/Windows/Fonts/simhei.ttf><c:/Windows/Fonts/simhei.ttf><c:/Windows/Fonts/simhei.ttf><c:/Windows/Fonts/simhei.ttf><c:/Windows/Fonts/simhei.ttf><c:/Windows/Fonts/simhei.ttf><c:/Windows/Fonts/simsun.ttc><c:/Windows/Fonts/simhei.ttf><c:/Windows/Fonts/simsun.ttc><c:/Windows/Fonts/simsun.ttc><c:/Windows/Fonts/simhei.ttf><c:/Windows/Fonts/simsun.ttc><c:/Windows/Fonts/simsun.ttc><c:/Windows/Fonts/simsun.ttc><c:/Windows/Fonts/simhei.ttf><c:/Windows/Fonts/simhei.ttf><c:/Windows/Fonts/simhei.ttf><c:/Windows/Fonts/simsun.ttc><c:/Windows/Fonts/simsun.ttc><c:/Windows/Fonts/simsun.ttc><c:/Windows/Fonts/simsun.ttc><c:/Windows/Fonts/simsun.ttc><c:/Windows/Fonts/simsun.ttc><c:/Windows/Fonts/simsun.ttc><c:/Windows/Fonts/simsun.ttc><c:/Windows/Fonts/simsun.ttc><c:/Windows/Fonts/simsun.ttc><c:/Windows/Fonts/simsun.ttc><c:/Windows/Fonts/simsun.ttc>{d:/texlive2022/texlive/2022/texmf-dist/fonts/enc/dvips/cm-super/cm-super-ts1.enc}<c:/Windows/Fonts/simsun.ttc><c:/Windows/Fonts/simsun.ttc><c:/Windows/Fonts/simsun.ttc><c:/Windows/Fonts/simsun.ttc><c:/Windows/Fonts/simsun.ttc><c:/Windows/Fonts/simsun.ttc><c:/Windows/Fonts/simsun.ttc><c:/Windows/Fonts/simsun.ttc><c:/Windows/Fonts/simhei.ttf><c:/Windows/Fonts/simsun.ttc><c:/Windows/Fonts/simsun.ttc><c:/Windows/Fonts/simsun.ttc><c:/Windows/Fonts/simsun.ttc><c:/Windows/Fonts/simsun.ttc><c:/Windows/Fonts/simsun.ttc><c:/Windows/Fonts/simsun.ttc><c:/Windows/Fonts/simhei.ttf><c:/Windows/Fonts/simhei.ttf><c:/Windows/Fonts/simhei.ttf><c:/Windows/Fonts/simhei.ttf><c:/Windows/Fonts/simhei.ttf><c:/Windows/Fonts/simsun.ttc><c:/Windows/Fonts/simsun.ttc><c:/Windows/Fonts/simsun.ttc><c:/Windows/Fonts/simsun.ttc><c:/Windows/Fonts/simsun.ttc><c:/Windows/Fonts/simhei.ttf><c:/Windows/Fonts/simhei.ttf><c:/Windows/Fonts/simhei.ttf><c:/Windows/Fonts/simsun.ttc><c:/Windows/Fonts/simsun.ttc><c:/Windows/Fonts/simsun.ttc><c:/Windows/Fonts/simsun.ttc><c:/Windows/Fonts/simhei.ttf><c:/Windows/Fonts/simhei.ttf><c:/Windows/Fonts/simhei.ttf><c:/Windows/Fonts/simsun.ttc><c:/Windows/Fonts/simsun.ttc><c:/Windows/Fonts/simsun.ttc><c:/Windows/Fonts/simsun.ttc><c:/Windows/Fonts/simsun.ttc><c:/Windows/Fonts/simsun.ttc><c:/Windows/Fonts/simsun.ttc><c:/Windows/Fonts/simsun.ttc><c:/Windows/Fonts/simsun.ttc><c:/Windows/Fonts/simsun.ttc><c:/Windows/Fonts/simsun.ttc><c:/Windows/Fonts/simsun.ttc><c:/Windows/Fonts/simhei.ttf><c:/Windows/Fonts/simhei.ttf><c:/Windows/Fonts/simsun.ttc><c:/Windows/Fonts/simsun.ttc><c:/Windows/Fonts/simsun.ttc><c:/Windows/Fonts/simsun.ttc><c:/Windows/Fonts/simsun.ttc><c:/Windows/Fonts/simsun.ttc><c:/Windows/Fonts/simsun.ttc><c:/Windows/Fonts/simsun.ttc><c:/Windows/Fonts/simsun.ttc><c:/Windows/Fonts/simsun.ttc><c:/Windows/Fonts/simsun.ttc><c:/Windows/Fonts/simsun.ttc><c:/Windows/Fonts/simhei.ttf><c:/Windows/Fonts/simhei.ttf><c:/Windows/Fonts/simhei.ttf><c:/Windows/Fonts/simsun.ttc><c:/Windows/Fonts/simsun.ttc><c:/Windows/Fonts/simsun.ttc><c:/Windows/Fonts/simsun.ttc><c:/Windows/Fonts/simsun.ttc><c:/Windows/Fonts/simsun.ttc><c:/Windows/Fonts/simsun.ttc><c:/Windows/Fonts/simsun.ttc><c:/Windows/Fonts/simhei.ttf><c:/Windows/Fonts/simhei.ttf><c:/Windows/Fonts/simhei.ttf><c:/Windows/Fonts/simhei.ttf><c:/Windows/Fonts/simhei.ttf><c:/Windows/Fonts/simhei.ttf><c:/Windows/Fonts/simhei.ttf><c:/Windows/Fonts/simhei.ttf><c:/Windows/Fonts/simsun.ttc><c:/Windows/Fonts/simsun.ttc><c:/Windows/Fonts/simsun.ttc><c:/Windows/Fonts/simsun.ttc><c:/Windows/Fonts/simsun.ttc><c:/Windows/Fonts/simsun.ttc><c:/Windows/Fonts/simsun.ttc><c:/Windows/Fonts/simsun.ttc><c:/Windows/Fonts/simsun.ttc><c:/Windows/Fonts/simsun.ttc><c:/Windows/Fonts/simkai.ttf><c:/Windows/Fonts/simsun.ttc><c:/Windows/Fonts/simsun.ttc><c:/Windows/Fonts/simsun.ttc><c:/Windows/Fonts/simhei.ttf><c:/Windows/Fonts/simhei.ttf><c:/Windows/Fonts/simhei.ttf><c:/Windows/Fonts/simhei.ttf><c:/Windows/Fonts/simhei.ttf><c:/Windows/Fonts/simhei.ttf><c:/Windows/Fonts/simhei.ttf><c:/Windows/Fonts/simhei.ttf><d:/texlive2022/texlive/2022/texmf-dist/fonts/type1/public/amsfonts/cm/cmbx12.pfb><d:/texlive2022/texlive/2022/texmf-dist/fonts/type1/public/amsfonts/cm/cmcsc10.pfb><d:/texlive2022/texlive/2022/texmf-dist/fonts/type1/public/amsfonts/cm/cmex10.pfb><d:/texlive2022/texlive/2022/texmf-dist/fonts/type1/public/amsfonts/cm/cmmi10.pfb><d:/texlive2022/texlive/2022/texmf-dist/fonts/type1/public/amsfonts/cm/cmmi12.pfb><d:/texlive2022/texlive/2022/texmf-dist/fonts/type1/public/amsfonts/cm/cmmi8.pfb><d:/texlive2022/texlive/2022/texmf-dist/fonts/type1/public/amsfonts/cm/cmr10.pfb><d:/texlive2022/texlive/2022/texmf-dist/fonts/type1/public/amsfonts/cm/cmr12.pfb><d:/texlive2022/texlive/2022/texmf-dist/fonts/type1/public/amsfonts/cm/cmr6.pfb><d:/texlive2022/texlive/2022/texmf-dist/fonts/type1/public/amsfonts/cm/cmr8.pfb><d:/texlive2022/texlive/2022/texmf-dist/fonts/type1/public/amsfonts/cm/cmsl12.pfb><d:/texlive2022/texlive/2022/texmf-dist/fonts/type1/public/amsfonts/cm/cmsy10.pfb><d:/texlive2022/texlive/2022/texmf-dist/fonts/type1/public/amsfonts/cm/cmsy8.pfb><d:/texlive2022/texlive/2022/texmf-dist/fonts/type1/public/amsfonts/cm/cmti12.pfb><d:/texlive2022/texlive/2022/texmf-dist/fonts/type1/public/cm-super/sfbx1200.pfb><d:/texlive2022/texlive/2022/texmf-dist/fonts/type1/public/cm-super/sfrm1200.pfb><d:/texlive2022/texlive/2022/texmf-dist/fonts/type1/public/cm-super/sfsl1200.pfb>
Output written on æ€»è¯´æ˜Žä¹¦.pdf (35 pages, 2144798 bytes).
PDF statistics:
 904 PDF objects out of 1000 (max. 8388607)
 590 compressed objects within 6 object streams
 0 named destinations out of 1000 (max. 500000)
 328 words of extra memory for PDF output out of 10000 (max. 10000000)

